============================================================
  Generated by:           Genus(TM) Synthesis Solution 19.14-s108_1
  Generated on:           Dec 11 2025  08:28:34 pm
  Module:                 mkMACBuff
  Operating conditions:   PVT_0P9V_125C (balanced_tree)
  Wireload mode:          enclosed
  Area mode:              timing library
============================================================

Timing
--------

   Clock    Period 
-------------------
CLK         2000.0 
vclk_input  2000.0 
vclk_output 2000.0 


    Cost      Critical         Violating 
   Group     Path Slack  TNS     Paths   
-----------------------------------------
CLK                 0.5   0.0          0 
default        No paths   0.0            
vclk_input     No paths   0.0            
vclk_output       376.6   0.0          0 
-----------------------------------------
Total                     0.0          0 

Instance Count
--------------
Leaf Instance Count             11031 
Physical Instance count             0 
Sequential Instance Count        1596 
Combinational Instance Count     9435 
Hierarchical Instance Count         0 

Area
----
Cell Area                          24473.178
Physical Cell Area                 0.000
Total Cell Area (Cell+Physical)    24473.178
Net Area                           0.000
Total Area (Cell+Physical+Net)     24473.178

Max Fanout                         1596 (CLK)
Min Fanout                         1 (VALID_memVal_reg)
Average Fanout                     2.3
Terms to net ratio                 3.3279
Terms to instance ratio            3.4519
Runtime                            72.942509 seconds
Elapsed Runtime                    88 seconds
Genus peak memory usage            1122.62 
Innovus peak memory usage          no_value 
Hostname                           ssh-soc.ece.ubc.ca
